0 info it worked if it ends with ok
1 verbose cli [ 'C:\\Program Files (x86)\\nodejs\\\\node.exe',
1 verbose cli   'C:\\Program Files (x86)\\nodejs\\node_modules\\npm\\bin\\npm-cli.js',
1 verbose cli   'install',
1 verbose cli   'monit' ]
2 info using npm@1.2.2
3 info using node@v0.8.18
4 verbose node symlink C:\Program Files (x86)\nodejs\\node.exe
5 verbose read json C:\Users\Josh.Harbaugh\nodejs-test\package.json
6 warn package.json application-name@0.0.1 No README.md file found!
7 verbose read json C:\Users\Josh.Harbaugh\nodejs-test\node_modules\armory\package.json
8 verbose read json C:\Users\Josh.Harbaugh\nodejs-test\node_modules\express\package.json
9 verbose read json C:\Users\Josh.Harbaugh\nodejs-test\node_modules\jade\package.json
10 verbose read json C:\Users\Josh.Harbaugh\nodejs-test\node_modules\less-middleware\package.json
11 verbose read json C:\Users\Josh.Harbaugh\nodejs-test\node_modules\mongodb\package.json
12 verbose read json C:\Users\Josh.Harbaugh\nodejs-test\node_modules\nodemon\package.json
13 verbose read json C:\Users\Josh.Harbaugh\nodejs-test\node_modules\request\package.json
14 verbose read json C:\Users\Josh.Harbaugh\nodejs-test\node_modules\wowhead\package.json
15 verbose from cache C:\Users\Josh.Harbaugh\nodejs-test\package.json
16 verbose readDependencies using package.json deps
17 verbose cache add [ 'monit', null ]
18 verbose cache add name=undefined spec="monit" args=["monit",null]
19 verbose parsed url { pathname: 'monit', path: 'monit', href: 'monit' }
20 silly lockFile 3568f62a-monit monit
21 verbose lock monit C:\Users\Josh.Harbaugh\AppData\Roaming\npm-cache\3568f62a-monit.lock
22 silly lockFile 3568f62a-monit monit
23 verbose addNamed [ 'monit', '' ]
24 verbose addNamed [ null, '' ]
25 silly lockFile bf65a03a-monit monit@
26 verbose lock monit@ C:\Users\Josh.Harbaugh\AppData\Roaming\npm-cache\bf65a03a-monit.lock
27 silly addNameRange { name: 'monit', range: '', hasData: false }
28 verbose url raw monit
29 verbose url resolving [ 'https://registry.npmjs.org/', './monit' ]
30 verbose url resolved https://registry.npmjs.org/monit
31 info trying registry request attempt 1 at 13:00:54
32 http GET https://registry.npmjs.org/monit
33 http 404 https://registry.npmjs.org/monit
34 silly registry.get cb [ 404,
34 silly registry.get   { server: 'CouchDB/1.2.1 (Erlang OTP/R15B)',
34 silly registry.get     date: 'Wed, 30 Jan 2013 17:59:12 GMT',
34 silly registry.get     'content-type': 'application/json',
34 silly registry.get     'content-length': '52',
34 silly registry.get     'cache-control': 'must-revalidate' } ]
35 silly lockFile bf65a03a-monit monit@
36 error 404 'monit' is not in the npm registry.
36 error 404 You should bug the author to publish it
36 error 404
36 error 404 Note that you can also install from a
36 error 404 tarball, folder, or http url, or git url.
37 error System Windows_NT 6.1.7601
38 error command "C:\\Program Files (x86)\\nodejs\\\\node.exe" "C:\\Program Files (x86)\\nodejs\\node_modules\\npm\\bin\\npm-cli.js" "install" "monit"
39 error cwd C:\Users\Josh.Harbaugh\nodejs-test
40 error node -v v0.8.18
41 error npm -v 1.2.2
42 error code E404
43 verbose exit [ 1, true ]
